# JRE version: Java(TM) SE Runtime Environment (8.0_144-b01) (build 1.8.0_144-b01)
# Java VM: Java HotSpot(TM) 64-Bit Server VM (25.144-b01 mixed mode windows-amd64 compressed oops)
Heap:
 PSYoungGen      total 255488K, used 181007K [0x00000000eab00000, 0x00000000fb580000, 0x0000000100000000)
  eden space 240640K, 69% used [0x00000000eab00000,0x00000000f4f7cbe8,0x00000000f9600000)
  from space 14848K, 84% used [0x00000000fa580000,0x00000000fb1c7358,0x00000000fb400000)
  to   space 15872K, 0% used [0x00000000f9600000,0x00000000f9600000,0x00000000fa580000)
 ParOldGen       total 94208K, used 18605K [0x00000000c0000000, 0x00000000c5c00000, 0x00000000eab00000)
  object space 94208K, 19% used [0x00000000c0000000,0x00000000c122b560,0x00000000c5c00000)
 Metaspace       used 49843K, capacity 51550K, committed 51928K, reserved 1093632K
  class space    used 6927K, capacity 7322K, committed 7424K, reserved 1048576K
GC Heap History (10 events):
Event: 3.451 GC heap before
{Heap before GC invocations=4 (full 1):
 PSYoungGen      total 75264K, used 7947K [0x00000000eab00000, 0x00000000f3e00000, 0x0000000100000000)
  eden space 64512K, 0% used [0x00000000eab00000,0x00000000eab00000,0x00000000eea00000)
  from space 10752K, 73% used [0x00000000eea00000,0x00000000ef1c2fe0,0x00000000ef480000)
  to   space 10752K, 0% used [0x00000000f3380000,0x00000000f3380000,0x00000000f3e00000)
 ParOldGen       total 172032K, used 2100K [0x00000000c0000000, 0x00000000ca800000, 0x00000000eab00000)
  object space 172032K, 1% used [0x00000000c0000000,0x00000000c020d360,0x00000000ca800000)
 Metaspace       used 20799K, capacity 21168K, committed 21248K, reserved 1067008K
  class space    used 2873K, capacity 3013K, committed 3072K, reserved 1048576K
Event: 3.480 GC heap after
Heap after GC invocations=4 (full 1):
 PSYoungGen      total 75264K, used 0K [0x00000000eab00000, 0x00000000f3e00000, 0x0000000100000000)
  eden space 64512K, 0% used [0x00000000eab00000,0x00000000eab00000,0x00000000eea00000)
  from space 10752K, 0% used [0x00000000eea00000,0x00000000eea00000,0x00000000ef480000)
  to   space 10752K, 0% used [0x00000000f3380000,0x00000000f3380000,0x00000000f3e00000)
 ParOldGen       total 77824K, used 7804K [0x00000000c0000000, 0x00000000c4c00000, 0x00000000eab00000)
  object space 77824K, 10% used [0x00000000c0000000,0x00000000c079f000,0x00000000c4c00000)
 Metaspace       used 20799K, capacity 21168K, committed 21248K, reserved 1067008K
  class space    used 2873K, capacity 3013K, committed 3072K, reserved 1048576K
}
Event: 4.453 GC heap before
{Heap before GC invocations=5 (full 1):
 PSYoungGen      total 75264K, used 64512K [0x00000000eab00000, 0x00000000f3e00000, 0x0000000100000000)
  eden space 64512K, 100% used [0x00000000eab00000,0x00000000eea00000,0x00000000eea00000)
  from space 10752K, 0% used [0x00000000eea00000,0x00000000eea00000,0x00000000ef480000)
  to   space 10752K, 0% used [0x00000000f3380000,0x00000000f3380000,0x00000000f3e00000)
 ParOldGen       total 77824K, used 7804K [0x00000000c0000000, 0x00000000c4c00000, 0x00000000eab00000)
  object space 77824K, 10% used [0x00000000c0000000,0x00000000c079f000,0x00000000c4c00000)
 Metaspace       used 26480K, capacity 26988K, committed 27264K, reserved 1073152K
  class space    used 3735K, capacity 3877K, committed 3968K, reserved 1048576K
Event: 4.465 GC heap after
Heap after GC invocations=5 (full 1):
 PSYoungGen      total 133120K, used 7626K [0x00000000eab00000, 0x00000000f3b00000, 0x0000000100000000)
  eden space 125440K, 0% used [0x00000000eab00000,0x00000000eab00000,0x00000000f2580000)
  from space 7680K, 99% used [0x00000000f3380000,0x00000000f3af2a68,0x00000000f3b00000)
  to   space 10752K, 0% used [0x00000000f2600000,0x00000000f2600000,0x00000000f3080000)
 ParOldGen       total 77824K, used 7812K [0x00000000c0000000, 0x00000000c4c00000, 0x00000000eab00000)
  object space 77824K, 10% used [0x00000000c0000000,0x00000000c07a1000,0x00000000c4c00000)
 Metaspace       used 26480K, capacity 26988K, committed 27264K, reserved 1073152K
  class space    used 3735K, capacity 3877K, committed 3968K, reserved 1048576K
}
Event: 12.641 GC heap before
{Heap before GC invocations=6 (full 1):
 PSYoungGen      total 133120K, used 117323K [0x00000000eab00000, 0x00000000f3b00000, 0x0000000100000000)
  eden space 125440K, 87% used [0x00000000eab00000,0x00000000f1620210,0x00000000f2580000)
  from space 7680K, 99% used [0x00000000f3380000,0x00000000f3af2a68,0x00000000f3b00000)
  to   space 10752K, 0% used [0x00000000f2600000,0x00000000f2600000,0x00000000f3080000)
 ParOldGen       total 77824K, used 7812K [0x00000000c0000000, 0x00000000c4c00000, 0x00000000eab00000)
  object space 77824K, 10% used [0x00000000c0000000,0x00000000c07a1000,0x00000000c4c00000)
 Metaspace       used 34542K, capacity 35338K, committed 35416K, reserved 1079296K
  class space    used 4765K, capacity 4956K, committed 4992K, reserved 1048576K
Event: 12.653 GC heap after
Heap after GC invocations=6 (full 1):
 PSYoungGen      total 136704K, used 10740K [0x00000000eab00000, 0x00000000fb400000, 0x0000000100000000)
  eden space 125952K, 0% used [0x00000000eab00000,0x00000000eab00000,0x00000000f2600000)
  from space 10752K, 99% used [0x00000000f2600000,0x00000000f307d0f0,0x00000000f3080000)
  to   space 14848K, 0% used [0x00000000fa580000,0x00000000fa580000,0x00000000fb400000)
 ParOldGen       total 77824K, used 9601K [0x00000000c0000000, 0x00000000c4c00000, 0x00000000eab00000)
  object space 77824K, 12% used [0x00000000c0000000,0x00000000c0960630,0x00000000c4c00000)
 Metaspace       used 34542K, capacity 35338K, committed 35416K, reserved 1079296K
  class space    used 4765K, capacity 4956K, committed 4992K, reserved 1048576K
}
Event: 12.653 GC heap before
{Heap before GC invocations=7 (full 2):
 PSYoungGen      total 136704K, used 10740K [0x00000000eab00000, 0x00000000fb400000, 0x0000000100000000)
  eden space 125952K, 0% used [0x00000000eab00000,0x00000000eab00000,0x00000000f2600000)
  from space 10752K, 99% used [0x00000000f2600000,0x00000000f307d0f0,0x00000000f3080000)
  to   space 14848K, 0% used [0x00000000fa580000,0x00000000fa580000,0x00000000fb400000)
 ParOldGen       total 77824K, used 9601K [0x00000000c0000000, 0x00000000c4c00000, 0x00000000eab00000)
  object space 77824K, 12% used [0x00000000c0000000,0x00000000c0960630,0x00000000c4c00000)
 Metaspace       used 34542K, capacity 35338K, committed 35416K, reserved 1079296K
  class space    used 4765K, capacity 4956K, committed 4992K, reserved 1048576K
Event: 12.719 GC heap after
Heap after GC invocations=7 (full 2):
 PSYoungGen      total 136704K, used 0K [0x00000000eab00000, 0x00000000fb400000, 0x0000000100000000)
  eden space 125952K, 0% used [0x00000000eab00000,0x00000000eab00000,0x00000000f2600000)
  from space 10752K, 0% used [0x00000000f2600000,0x00000000f2600000,0x00000000f3080000)
  to   space 14848K, 0% used [0x00000000fa580000,0x00000000fa580000,0x00000000fb400000)
 ParOldGen       total 94208K, used 18597K [0x00000000c0000000, 0x00000000c5c00000, 0x00000000eab00000)
  object space 94208K, 19% used [0x00000000c0000000,0x00000000c1229560,0x00000000c5c00000)
 Metaspace       used 34542K, capacity 35338K, committed 35416K, reserved 1079296K
  class space    used 4765K, capacity 4956K, committed 4992K, reserved 1048576K
}
Event: 13.875 GC heap before
{Heap before GC invocations=8 (full 2):
 PSYoungGen      total 136704K, used 125952K [0x00000000eab00000, 0x00000000fb400000, 0x0000000100000000)
  eden space 125952K, 100% used [0x00000000eab00000,0x00000000f2600000,0x00000000f2600000)
  from space 10752K, 0% used [0x00000000f2600000,0x00000000f2600000,0x00000000f3080000)
  to   space 14848K, 0% used [0x00000000fa580000,0x00000000fa580000,0x00000000fb400000)
 ParOldGen       total 94208K, used 18597K [0x00000000c0000000, 0x00000000c5c00000, 0x00000000eab00000)
  object space 94208K, 19% used [0x00000000c0000000,0x00000000c1229560,0x00000000c5c00000)
 Metaspace       used 43504K, capacity 44628K, committed 44888K, reserved 1087488K
  class space    used 5994K, capacity 6228K, committed 6272K, reserved 1048576K
Event: 13.888 GC heap after
Heap after GC invocations=8 (full 2):
 PSYoungGen      total 255488K, used 12572K [0x00000000eab00000, 0x00000000fb580000, 0x0000000100000000)
  eden space 240640K, 0% used [0x00000000eab00000,0x00000000eab00000,0x00000000f9600000)
  from space 14848K, 84% used [0x00000000fa580000,0x00000000fb1c7358,0x00000000fb400000)
  to   space 15872K, 0% used [0x00000000f9600000,0x00000000f9600000,0x00000000fa580000)
 ParOldGen       total 94208K, used 18605K [0x00000000c0000000, 0x00000000c5c00000, 0x00000000eab00000)
  object space 94208K, 19% used [0x00000000c0000000,0x00000000c122b560,0x00000000c5c00000)
 Metaspace       used 43504K, capacity 44628K, committed 44888K, reserved 1087488K
  class space    used 5994K, capacity 6228K, committed 6272K, reserved 1048576K
}

